-------------------------------------------------------------------------------
Test set: com.itbcafrica.repository.BookRepositoryTest
-------------------------------------------------------------------------------
Tests run: 1, Failures: 0, Errors: 1, Skipped: 0, Time elapsed: 5.483 sec <<< FAILURE! - in com.itbcafrica.repository.BookRepositoryTest
com.itbcafrica.repository.BookRepositoryTest  Time elapsed: 5.483 sec  <<< ERROR!
org.jboss.arquillian.container.spi.client.container.DeploymentException: Cannot deploy: test.war
Caused by: java.net.ConnectException: Connection refused: no further information

