-------------------------------------------------------------------------------
Test set: com.itbcafrica.repository.BookEndpointTestTest
-------------------------------------------------------------------------------
Tests run: 1, Failures: 0, Errors: 1, Skipped: 0, Time elapsed: 0.203 sec <<< FAILURE! - in com.itbcafrica.repository.BookEndpointTestTest
initializationError(com.itbcafrica.repository.BookEndpointTestTest)  Time elapsed: 0.011 sec  <<< ERROR!
java.lang.Exception: No runnable methods

